<?xml version="1.0" encoding="UTF-8"?>
<testsuite name="MainKtTest" tests="1" skipped="0" failures="0" errors="0" timestamp="2021-04-06T18:59:26" hostname="HARDSIGN-ПК" time="0.003">
  <properties/>
  <testcase name="calculatePay" classname="MainKtTest" time="0.003"/>
  <system-out><![CDATA[]]></system-out>
  <system-err><![CDATA[]]></system-err>
</testsuite>
